[2025-09-20T12:23:34.926Z] [INFO] IMPORT: CSV file loaded successfully
Data: {
  "filename": "Kloten-DietlikonJets_FloorballUri_shots.csv",
  "totalShots": 110,
  "headers": [
    "Date",
    "Team 1",
    "Team 2",
    "Time",
    "Shooting Team",
    "Result",
    "Type",
    "xG",
    "xGOT",
    "Shooter",
    "Passer",
    "T1LW",
    "T1C",
    "T1RW",
    "T1LD",
    "T1RD",
    "T1G",
    "T1X",
    "T2LW",
    "T2C",
    "T2RW",
    "T2LD",
    "T2RD",
    "T2G",
    "T2X",
    "PP",
    "SH",
    "Distance",
    "Angle",
    "Player Team 1",
    "Player Team 2"
  ]
}

[2025-09-20T12:23:34.928Z] [DEBUG] DUPLICATE_CHECK: CSV row 1 analysis
Data: {
  "hash": "2025-09-14|57|kloten-dietlikonjets|saved|#88hüppi|9.53|120.49",
  "data": {
    "date": "2025-09-14",
    "time": "57",
    "shooting_team": "Kloten-Dietlikon Jets",
    "result": "Saved",
    "shooter": "#88 Hüppi",
    "distance": "9.53",
    "angle": "120.49"
  }
}

[2025-09-20T12:23:34.928Z] [DEBUG] DUPLICATE_CHECK: Starting duplicate detection
Data: {
  "existingShotsCount": 0,
  "csvRowCount": 110
}

[2025-09-20T12:23:34.928Z] [DEBUG] DUPLICATE_CHECK: CSV row 3 analysis
Data: {
  "hash": "2025-09-14|96|kloten-dietlikonjets|saved|#16kauppinen|10.10|60.31",
  "data": {
    "date": "2025-09-14",
    "time": "96",
    "shooting_team": "Kloten-Dietlikon Jets",
    "result": "Saved",
    "shooter": "#16 Kauppinen",
    "distance": "10.10",
    "angle": "60.31"
  }
}

[2025-09-20T12:23:34.928Z] [DEBUG] DUPLICATE_CHECK: CSV row 2 analysis
Data: {
  "hash": "2025-09-14|77|floorballuri|blocked||9.50|111.27",
  "data": {
    "date": "2025-09-14",
    "time": "77",
    "shooting_team": "Floorball Uri",
    "result": "Blocked",
    "shooter": "",
    "distance": "9.50",
    "angle": "111.27"
  }
}

[2025-09-20T12:23:34.929Z] [DEBUG] DUPLICATE_CHECK: Duplicate detection complete
Data: {
  "duplicatesFound": 0,
  "uniqueShots": 110
}

[2025-09-20T12:23:37.054Z] [DEBUG] DATABASE: No existing game found, all shots will be new

[2025-09-20T12:23:37.055Z] [DEBUG] DUPLICATE_CHECK: Starting duplicate detection
Data: {
  "existingShotsCount": 0,
  "csvRowCount": 110
}

[2025-09-20T12:23:37.055Z] [DEBUG] DUPLICATE_CHECK: CSV row 1 analysis
Data: {
  "hash": "2025-09-14|57|kloten-dietlikonjets|saved|#88hüppi|9.53|120.49",
  "data": {
    "date": "2025-09-14",
    "time": "57",
    "shooting_team": "Kloten-Dietlikon Jets",
    "result": "Saved",
    "shooter": "#88 Hüppi",
    "distance": "9.53",
    "angle": "120.49"
  }
}

[2025-09-20T12:23:37.055Z] [DEBUG] DUPLICATE_CHECK: CSV row 2 analysis
Data: {
  "hash": "2025-09-14|77|floorballuri|blocked||9.50|111.27",
  "data": {
    "date": "2025-09-14",
    "time": "77",
    "shooting_team": "Floorball Uri",
    "result": "Blocked",
    "shooter": "",
    "distance": "9.50",
    "angle": "111.27"
  }
}

[2025-09-20T12:23:37.055Z] [DEBUG] DUPLICATE_CHECK: CSV row 3 analysis
Data: {
  "hash": "2025-09-14|96|kloten-dietlikonjets|saved|#16kauppinen|10.10|60.31",
  "data": {
    "date": "2025-09-14",
    "time": "96",
    "shooting_team": "Kloten-Dietlikon Jets",
    "result": "Saved",
    "shooter": "#16 Kauppinen",
    "distance": "10.10",
    "angle": "60.31"
  }
}

[2025-09-20T12:23:37.055Z] [DEBUG] DUPLICATE_CHECK: Duplicate detection complete
Data: {
  "duplicatesFound": 0,
  "uniqueShots": 110
}

[2025-09-20T12:23:37.082Z] [INFO] IMPORT: Import completed successfully
Data: {
  "gameName": "Kloten-Dietlikon Jets vs Floorball Uri",
  "gameId": 3,
  "totalImported": 110,
  "totalSkipped": 0,
  "isNewGame": true
}

[2025-09-20T12:23:46.387Z] [INFO] IMPORT: CSV file loaded successfully
Data: {
  "filename": "Kloten-DietlikonJets_Fribourg_shots.csv",
  "totalShots": 88,
  "headers": [
    "Date",
    "Team 1",
    "Team 2",
    "Time",
    "Shooting Team",
    "Result",
    "Type",
    "xG",
    "xGOT",
    "Shooter",
    "Passer",
    "T1LW",
    "T1C",
    "T1RW",
    "T1LD",
    "T1RD",
    "T1G",
    "T1X",
    "T2LW",
    "T2C",
    "T2RW",
    "T2LD",
    "T2RD",
    "T2G",
    "T2X",
    "PP",
    "SH",
    "Distance",
    "Angle",
    "Player Team 1",
    "Player Team 2"
  ]
}

[2025-09-20T12:23:46.388Z] [DEBUG] DUPLICATE_CHECK: Starting duplicate detection
Data: {
  "existingShotsCount": 0,
  "csvRowCount": 88
}

[2025-09-20T12:23:46.388Z] [DEBUG] DUPLICATE_CHECK: CSV row 1 analysis
Data: {
  "hash": "2025-09-13|0|kloten-dietlikonjets|saved|#20schumacher|8.24|90.56",
  "data": {
    "date": "2025-09-13",
    "time": "0",
    "shooting_team": "Kloten-Dietlikon Jets",
    "result": "Saved",
    "shooter": "#20 Schumacher",
    "distance": "8.24",
    "angle": "90.56"
  }
}

[2025-09-20T12:23:46.388Z] [DEBUG] DUPLICATE_CHECK: CSV row 2 analysis
Data: {
  "hash": "2025-09-13|0|fribourg|possession-||27.95|101.98",
  "data": {
    "date": "2025-09-13",
    "time": "0",
    "shooting_team": "Fribourg",
    "result": "Possession -",
    "shooter": "",
    "distance": "27.95",
    "angle": "101.98"
  }
}

[2025-09-20T12:23:46.388Z] [DEBUG] DUPLICATE_CHECK: CSV row 3 analysis
Data: {
  "hash": "2025-09-13|0|fribourg|missed||7.25|30.30",
  "data": {
    "date": "2025-09-13",
    "time": "0",
    "shooting_team": "Fribourg",
    "result": "Missed",
    "shooter": "",
    "distance": "7.25",
    "angle": "30.30"
  }
}

[2025-09-20T12:23:46.389Z] [DEBUG] DUPLICATE_CHECK: Duplicate detection complete
Data: {
  "duplicatesFound": 0,
  "uniqueShots": 88
}

[2025-09-20T12:23:48.135Z] [DEBUG] DATABASE: No existing game found, all shots will be new

[2025-09-20T12:23:48.135Z] [DEBUG] DUPLICATE_CHECK: Starting duplicate detection
Data: {
  "existingShotsCount": 0,
  "csvRowCount": 88
}

[2025-09-20T12:23:48.135Z] [DEBUG] DUPLICATE_CHECK: CSV row 1 analysis
Data: {
  "hash": "2025-09-13|0|kloten-dietlikonjets|saved|#20schumacher|8.24|90.56",
  "data": {
    "date": "2025-09-13",
    "time": "0",
    "shooting_team": "Kloten-Dietlikon Jets",
    "result": "Saved",
    "shooter": "#20 Schumacher",
    "distance": "8.24",
    "angle": "90.56"
  }
}

[2025-09-20T12:23:48.135Z] [DEBUG] DUPLICATE_CHECK: CSV row 2 analysis
Data: {
  "hash": "2025-09-13|0|fribourg|possession-||27.95|101.98",
  "data": {
    "date": "2025-09-13",
    "time": "0",
    "shooting_team": "Fribourg",
    "result": "Possession -",
    "shooter": "",
    "distance": "27.95",
    "angle": "101.98"
  }
}

[2025-09-20T12:23:48.135Z] [DEBUG] DUPLICATE_CHECK: CSV row 3 analysis
Data: {
  "hash": "2025-09-13|0|fribourg|missed||7.25|30.30",
  "data": {
    "date": "2025-09-13",
    "time": "0",
    "shooting_team": "Fribourg",
    "result": "Missed",
    "shooter": "",
    "distance": "7.25",
    "angle": "30.30"
  }
}

[2025-09-20T12:23:48.136Z] [DEBUG] DUPLICATE_CHECK: Duplicate detection complete
Data: {
  "duplicatesFound": 0,
  "uniqueShots": 88
}

[2025-09-20T12:23:48.151Z] [INFO] IMPORT: Import completed successfully
Data: {
  "gameName": "Kloten-Dietlikon Jets vs Fribourg",
  "gameId": 4,
  "totalImported": 88,
  "totalSkipped": 0,
  "isNewGame": true
}

[2025-09-20T12:24:03.218Z] [INFO] IMPORT: CSV file loaded successfully
Data: {
  "filename": "Kloten-DietlikonJets_FloorballUri_shots.csv",
  "totalShots": 110,
  "headers": [
    "Date",
    "Team 1",
    "Team 2",
    "Time",
    "Shooting Team",
    "Result",
    "Type",
    "xG",
    "xGOT",
    "Shooter",
    "Passer",
    "T1LW",
    "T1C",
    "T1RW",
    "T1LD",
    "T1RD",
    "T1G",
    "T1X",
    "T2LW",
    "T2C",
    "T2RW",
    "T2LD",
    "T2RD",
    "T2G",
    "T2X",
    "PP",
    "SH",
    "Distance",
    "Angle",
    "Player Team 1",
    "Player Team 2"
  ]
}

[2025-09-20T12:24:03.222Z] [DEBUG] DUPLICATE_CHECK: Starting duplicate detection
Data: {
  "existingShotsCount": 110,
  "csvRowCount": 110
}

[2025-09-20T12:24:03.224Z] [DEBUG] DUPLICATE_CHECK: Duplicate detection complete
Data: {
  "duplicatesFound": 85,
  "uniqueShots": 25
}

[2025-09-20T12:24:03.223Z] [DEBUG] DUPLICATE_CHECK: Sample existing shot hashes
Data: {
  "sampleHashes": [
    "2025-09-14|57|kloten-dietlikonjets|saved|#88hüppi|9.53|120.49",
    "2025-09-14|77|floorballuri|blocked||9.5|111.27",
    "2025-09-14|96|kloten-dietlikonjets|saved|#16kauppinen|10.1|60.31"
  ]
}

[2025-09-20T12:24:03.223Z] [DEBUG] DUPLICATE_CHECK: CSV row 1 analysis
Data: {
  "hash": "2025-09-14|57|kloten-dietlikonjets|saved|#88hüppi|9.53|120.49",
  "data": {
    "date": "2025-09-14",
    "time": "57",
    "shooting_team": "Kloten-Dietlikon Jets",
    "result": "Saved",
    "shooter": "#88 Hüppi",
    "distance": "9.53",
    "angle": "120.49"
  }
}

[2025-09-20T12:24:03.223Z] [DEBUG] DUPLICATE_CHECK: CSV row 2 analysis
Data: {
  "hash": "2025-09-14|77|floorballuri|blocked||9.50|111.27",
  "data": {
    "date": "2025-09-14",
    "time": "77",
    "shooting_team": "Floorball Uri",
    "result": "Blocked",
    "shooter": "",
    "distance": "9.50",
    "angle": "111.27"
  }
}

[2025-09-20T12:24:03.223Z] [DEBUG] DUPLICATE_CHECK: CSV row 3 analysis
Data: {
  "hash": "2025-09-14|96|kloten-dietlikonjets|saved|#16kauppinen|10.10|60.31",
  "data": {
    "date": "2025-09-14",
    "time": "96",
    "shooting_team": "Kloten-Dietlikon Jets",
    "result": "Saved",
    "shooter": "#16 Kauppinen",
    "distance": "10.10",
    "angle": "60.31"
  }
}

[2025-09-20T12:24:03.939Z] [DEBUG] DUPLICATE_CHECK: Starting duplicate detection
Data: {
  "existingShotsCount": 110,
  "csvRowCount": 110
}

[2025-09-20T12:24:03.940Z] [DEBUG] DUPLICATE_CHECK: Sample existing shot hashes
Data: {
  "sampleHashes": [
    "2025-09-14|57|kloten-dietlikonjets|saved|#88hüppi|9.53|120.49",
    "2025-09-14|77|floorballuri|blocked||9.5|111.27",
    "2025-09-14|96|kloten-dietlikonjets|saved|#16kauppinen|10.1|60.31"
  ]
}

[2025-09-20T12:24:03.940Z] [DEBUG] DUPLICATE_CHECK: CSV row 1 analysis
Data: {
  "hash": "2025-09-14|57|kloten-dietlikonjets|saved|#88hüppi|9.53|120.49",
  "data": {
    "date": "2025-09-14",
    "time": "57",
    "shooting_team": "Kloten-Dietlikon Jets",
    "result": "Saved",
    "shooter": "#88 Hüppi",
    "distance": "9.53",
    "angle": "120.49"
  }
}

[2025-09-20T12:24:03.940Z] [DEBUG] DUPLICATE_CHECK: CSV row 2 analysis
Data: {
  "hash": "2025-09-14|77|floorballuri|blocked||9.50|111.27",
  "data": {
    "date": "2025-09-14",
    "time": "77",
    "shooting_team": "Floorball Uri",
    "result": "Blocked",
    "shooter": "",
    "distance": "9.50",
    "angle": "111.27"
  }
}

[2025-09-20T12:24:03.940Z] [DEBUG] DUPLICATE_CHECK: CSV row 3 analysis
Data: {
  "hash": "2025-09-14|96|kloten-dietlikonjets|saved|#16kauppinen|10.10|60.31",
  "data": {
    "date": "2025-09-14",
    "time": "96",
    "shooting_team": "Kloten-Dietlikon Jets",
    "result": "Saved",
    "shooter": "#16 Kauppinen",
    "distance": "10.10",
    "angle": "60.31"
  }
}

[2025-09-20T12:24:03.941Z] [DEBUG] DUPLICATE_CHECK: Duplicate detection complete
Data: {
  "duplicatesFound": 85,
  "uniqueShots": 25
}

[2025-09-20T12:24:03.939Z] [DEBUG] DATABASE: Retrieved existing shots for game
Data: {
  "gameId": 3,
  "shotCount": 110,
  "sampleShot": {
    "id": 296,
    "game_id": 3,
    "date": "2025-09-14",
    "team1": "Kloten-Dietlikon Jets",
    "team2": "Floorball Uri",
    "time": "57",
    "shooting_team": "Kloten-Dietlikon Jets",
    "result": "Saved",
    "type": "Turnover | Direct",
    "xg": 0.12,
    "xgot": 0.23,
    "shooter": "#88 Hüppi",
    "passer": "",
    "t1lw": "#23 Rieder",
    "t1c": "#20 Schumacher",
    "t1rw": "#88 Hüppi",
    "t1ld": "#27 Griezitis",
    "t1rd": "#97 Schellenberg",
    "t1g": "#77 Lemke",
    "t1x": "",
    "t2lw": "Select LW...",
    "t2c": "Select C...",
    "t2rw": "Select RW...",
    "t2ld": "Select LD...",
    "t2rd": "Select RD...",
    "t2g": "Select a goalie...",
    "t2x": "",
    "pp": 0,
    "sh": 0,
    "distance": 9.53,
    "angle": 120.49,
    "player_team1": 0,
    "player_team2": 0
  }
}

